<?xml version="1.0" encoding="UTF-8"?>
<!-- Generated by org.testng.reporters.JUnitXMLReporter -->
<testsuite hostname="DESKTOP-KSMF55D" ignored="0" name="Default test" tests="9" failures="0" timestamp="2021-09-16T13:21:33 IST" time="21.533" errors="0">
  <testcase name="browseer" time="3.062" classname="co.sgtesting.dataprovidersdemo.Assignment1to5"/>
  <testcase name="navigation" time="2.089" classname="co.sgtesting.dataprovidersdemo.Assignment1to5"/>
  <testcase name="login" time="0.386" classname="co.sgtesting.dataprovidersdemo.Assignment1to5"/>
  <testcase name="minimise" time="1.26" classname="co.sgtesting.dataprovidersdemo.Assignment1to5"/>
  <testcase name="creatuser" time="3.558" classname="co.sgtesting.dataprovidersdemo.Assignment1to5"/>
  <testcase name="deleteusers" time="3.221" classname="co.sgtesting.dataprovidersdemo.Assignment1to5"/>
  <testcase name="modify" time="2.644" classname="co.sgtesting.dataprovidersdemo.Assignment1to5"/>
  <testcase name="Cproject" time="3.135" classname="co.sgtesting.dataprovidersdemo.Assignment1to5"/>
  <testcase name="creatproject" time="2.079" classname="co.sgtesting.dataprovidersdemo.Assignment1to5"/>
</testsuite> <!-- Default test -->
